# Logfile created on 2025-01-17 08:38:21 +0530 by logger.rb/v1.6.3
2025-01-17 08:38:41 INFO: 
Starting monitoring... Press Ctrl+C to stop
2025-01-17 08:38:41 INFO: ----------------------------------------
2025-01-17 08:38:51 INFO: 
Stopping monitoring...
2025-01-17 08:39:30 INFO: Loaded 0 sites from configuration
2025-01-17 08:39:30 INFO: Reset all failure counts to 0 on startup
2025-01-17 08:39:57 INFO: 
Add new site to monitor
2025-01-17 08:39:57 INFO: ------------------------
2025-01-17 08:40:34 INFO: 
Site added successfully!
2025-01-17 08:40:34 INFO: URL: https://xplenty-core-staging.herokuapp.com/
2025-01-17 08:40:34 INFO: Checking every 5 seconds
2025-01-17 08:40:34 INFO: Will run command after 3 failures
2025-01-17 08:40:34 INFO: Command: heroku ps:restart --app=xplenty-core-staging
2025-01-17 08:40:38 INFO: 
Monitored Sites
2025-01-17 08:40:38 INFO: --------------
2025-01-17 08:40:38 INFO: 
1. https://xplenty-core-staging.herokuapp.com/
2025-01-17 08:40:38 INFO:    Check interval: 5 seconds
2025-01-17 08:40:38 INFO:    Failure threshold: 3
2025-01-17 08:40:38 INFO:    Current failures: 0
2025-01-17 08:40:38 INFO:    Command: heroku ps:restart --app=xplenty-core-staging
2025-01-17 08:40:38 INFO:    Last checked: Never
2025-01-17 08:40:52 INFO: 
Monitored Sites
2025-01-17 08:40:52 INFO: --------------
2025-01-17 08:40:52 INFO: 
1. https://xplenty-core-staging.herokuapp.com/
2025-01-17 08:40:52 INFO:    Check interval: 5 seconds
2025-01-17 08:40:52 INFO:    Failure threshold: 3
2025-01-17 08:40:52 INFO:    Current failures: 0
2025-01-17 08:40:52 INFO:    Command: heroku ps:restart --app=xplenty-core-staging
2025-01-17 08:40:52 INFO:    Last checked: Never
2025-01-17 08:40:58 ERROR: 
Invalid site number
2025-01-17 08:41:04 INFO: 
Monitored Sites
2025-01-17 08:41:04 INFO: --------------
2025-01-17 08:41:04 INFO: 
1. https://xplenty-core-staging.herokuapp.com/
2025-01-17 08:41:04 INFO:    Check interval: 5 seconds
2025-01-17 08:41:04 INFO:    Failure threshold: 3
2025-01-17 08:41:04 INFO:    Current failures: 0
2025-01-17 08:41:04 INFO:    Command: heroku ps:restart --app=xplenty-core-staging
2025-01-17 08:41:04 INFO:    Last checked: Never
2025-01-17 08:41:05 INFO: 
Removed: https://xplenty-core-staging.herokuapp.com/
2025-01-17 08:41:39 INFO: Loaded 0 sites from configuration
2025-01-17 08:41:39 INFO: Reset all failure counts to 0 on startup
2025-01-17 08:42:00 INFO: 
Add new site to monitor
2025-01-17 08:42:00 INFO: ------------------------
2025-01-17 08:42:54 INFO: 
Site added successfully!
2025-01-17 08:42:54 INFO: URL: https://xplenty-core-staging.herokuapp.com/
2025-01-17 08:42:54 INFO: Checking every 5 seconds
2025-01-17 08:42:54 INFO: Will run command after 3 failures
2025-01-17 08:42:54 INFO: Command: heroku ps:restart --app=xplenty-core-staging
2025-01-17 08:43:00 INFO: 
Monitored Sites
2025-01-17 08:43:00 INFO: --------------
2025-01-17 08:43:00 INFO: 
1. https://xplenty-core-staging.herokuapp.com/
2025-01-17 08:43:00 INFO:    Check interval: 5 seconds
2025-01-17 08:43:00 INFO:    Failure threshold: 3
2025-01-17 08:43:00 INFO:    Current failures: 0
2025-01-17 08:43:00 INFO:    Command: heroku ps:restart --app=xplenty-core-staging
2025-01-17 08:43:00 INFO:    Last checked: Never
2025-01-17 08:43:21 INFO: 
Starting monitoring... Press Ctrl+C to stop
2025-01-17 08:43:21 INFO: ----------------------------------------
2025-01-17 08:43:22 INFO: https://xplenty-core-staging.herokuapp.com/ is DOWN (Failure 1/3)
2025-01-17 08:43:28 INFO: https://xplenty-core-staging.herokuapp.com/ is DOWN (Failure 2/3)
2025-01-17 08:43:34 INFO: https://xplenty-core-staging.herokuapp.com/ is DOWN (Failure 3/3)
2025-01-17 08:43:34 INFO: Running command: heroku ps:restart --app=xplenty-core-staging
2025-01-17 08:43:38 INFO: Command executed successfully
2025-01-17 08:43:38 INFO: Reset failure count to 0 after command execution
2025-01-17 08:43:40 INFO: https://xplenty-core-staging.herokuapp.com/ is DOWN (Failure 1/3)
2025-01-17 08:43:46 INFO: https://xplenty-core-staging.herokuapp.com/ is DOWN (Failure 2/3)
2025-01-17 08:43:52 INFO: https://xplenty-core-staging.herokuapp.com/ is DOWN (Failure 3/3)
2025-01-17 08:43:52 INFO: Running command: heroku ps:restart --app=xplenty-core-staging
2025-01-17 08:43:56 INFO: Command executed successfully
2025-01-17 08:43:56 INFO: Reset failure count to 0 after command execution
2025-01-17 08:43:58 INFO: https://xplenty-core-staging.herokuapp.com/ is DOWN (Failure 1/3)
2025-01-17 08:44:04 INFO: https://xplenty-core-staging.herokuapp.com/ is DOWN (Failure 2/3)
2025-01-17 08:44:10 INFO: https://xplenty-core-staging.herokuapp.com/ is DOWN (Failure 3/3)
2025-01-17 08:44:10 INFO: Running command: heroku ps:restart --app=xplenty-core-staging
2025-01-17 08:44:14 INFO: Command executed successfully
2025-01-17 08:44:14 INFO: Reset failure count to 0 after command execution
2025-01-17 08:44:16 INFO: 
Stopping monitoring...
2025-01-17 08:44:23 INFO: 
Monitored Sites
2025-01-17 08:44:23 INFO: --------------
2025-01-17 08:44:23 INFO: 
1. https://xplenty-core-staging.herokuapp.com/
2025-01-17 08:44:23 INFO:    Check interval: 5 seconds
2025-01-17 08:44:23 INFO:    Failure threshold: 3
2025-01-17 08:44:23 INFO:    Current failures: 0
2025-01-17 08:44:23 INFO:    Command: heroku ps:restart --app=xplenty-core-staging
2025-01-17 08:44:23 INFO:    Last checked: 2025-01-17 08:44:10 +0530
2025-01-17 08:44:29 INFO: 
Removed: https://xplenty-core-staging.herokuapp.com/
2025-01-17 08:44:31 INFO: 
No sites configured yet. Use 'add' to monitor a site.
